{"level":"DEBUG","ts":"2023-06-11T16:47:52.452+0800","caller":"dao/mdb.go:46","msg":"[store_db] mysql connDB success"}
{"level":"DEBUG","ts":"2023-06-11T16:47:53.127+0800","caller":"dao/rdb.go:37","msg":"[store_redis] redis connRdb success,suc=%sPONG"}
{"level":"INFO","ts":"2023-06-11T16:47:53.128+0800","caller":"log/log.go:162","msg":"Starting processing"}
{"level":"INFO","ts":"2023-06-11T16:47:53.128+0800","caller":"log/log.go:162","msg":"Send signal TERM or INT to terminate the process"}
{"level":"DEBUG","ts":"2023-06-11T19:15:07.085+0800","caller":"dao/mdb.go:46","msg":"[store_db] mysql connDB success"}
{"level":"DEBUG","ts":"2023-06-11T19:15:07.947+0800","caller":"dao/rdb.go:37","msg":"[store_redis] redis connRdb success,suc=%sPONG"}
{"level":"INFO","ts":"2023-06-11T19:15:07.960+0800","caller":"log/log.go:162","msg":"Starting processing"}
{"level":"INFO","ts":"2023-06-11T19:15:07.961+0800","caller":"log/log.go:162","msg":"Send signal TERM or INT to terminate the process"}
{"level":"DEBUG","ts":"2023-06-11T19:16:15.841+0800","caller":"dao/mdb.go:46","msg":"[store_db] mysql connDB success"}
{"level":"DEBUG","ts":"2023-06-11T19:16:16.666+0800","caller":"dao/rdb.go:37","msg":"[store_redis] redis connRdb success,suc=%sPONG"}
{"level":"INFO","ts":"2023-06-11T19:16:16.672+0800","caller":"log/log.go:162","msg":"Starting processing"}
{"level":"INFO","ts":"2023-06-11T19:16:16.672+0800","caller":"log/log.go:162","msg":"Send signal TERM or INT to terminate the process"}
{"level":"INFO","ts":"2023-06-11T19:16:42.932+0800","caller":"telegram/handle.go:467","msg":"<nil>"}
{"level":"DEBUG","ts":"2023-06-11T19:18:44.874+0800","caller":"dao/mdb.go:46","msg":"[store_db] mysql connDB success"}
{"level":"DEBUG","ts":"2023-06-11T19:18:45.617+0800","caller":"dao/rdb.go:37","msg":"[store_redis] redis connRdb success,suc=%sPONG"}
{"level":"INFO","ts":"2023-06-11T19:18:45.618+0800","caller":"log/log.go:162","msg":"Starting processing"}
{"level":"INFO","ts":"2023-06-11T19:18:45.619+0800","caller":"log/log.go:162","msg":"Send signal TERM or INT to terminate the process"}
{"level":"INFO","ts":"2023-06-11T19:19:09.623+0800","caller":"telegram/handle.go:467","msg":"<nil>"}
{"level":"DEBUG","ts":"2023-06-11T19:25:14.612+0800","caller":"dao/mdb.go:46","msg":"[store_db] mysql connDB success"}
{"level":"DEBUG","ts":"2023-06-11T19:25:15.335+0800","caller":"dao/rdb.go:37","msg":"[store_redis] redis connRdb success,suc=%sPONG"}
{"level":"INFO","ts":"2023-06-11T19:25:15.336+0800","caller":"log/log.go:162","msg":"Starting processing"}
{"level":"INFO","ts":"2023-06-11T19:25:15.337+0800","caller":"log/log.go:162","msg":"Send signal TERM or INT to terminate the process"}
{"level":"DEBUG","ts":"2023-06-11T19:26:48.215+0800","caller":"dao/mdb.go:46","msg":"[store_db] mysql connDB success"}
{"level":"DEBUG","ts":"2023-06-11T19:26:48.946+0800","caller":"dao/rdb.go:37","msg":"[store_redis] redis connRdb success,suc=%sPONG"}
{"level":"INFO","ts":"2023-06-11T19:26:48.957+0800","caller":"log/log.go:162","msg":"Starting processing"}
{"level":"INFO","ts":"2023-06-11T19:26:48.957+0800","caller":"log/log.go:162","msg":"Send signal TERM or INT to terminate the process"}
{"level":"DEBUG","ts":"2023-06-11T19:28:01.710+0800","caller":"dao/mdb.go:46","msg":"[store_db] mysql connDB success"}
{"level":"DEBUG","ts":"2023-06-11T19:28:02.489+0800","caller":"dao/rdb.go:37","msg":"[store_redis] redis connRdb success,suc=%sPONG"}
{"level":"INFO","ts":"2023-06-11T19:28:02.490+0800","caller":"log/log.go:162","msg":"Starting processing"}
{"level":"INFO","ts":"2023-06-11T19:28:02.490+0800","caller":"log/log.go:162","msg":"Send signal TERM or INT to terminate the process"}
{"level":"DEBUG","ts":"2023-06-11T19:46:06.678+0800","caller":"dao/mdb.go:46","msg":"[store_db] mysql connDB success"}
{"level":"DEBUG","ts":"2023-06-11T19:46:07.400+0800","caller":"dao/rdb.go:37","msg":"[store_redis] redis connRdb success,suc=%sPONG"}
{"level":"INFO","ts":"2023-06-11T19:46:07.400+0800","caller":"log/log.go:162","msg":"Starting processing"}
{"level":"INFO","ts":"2023-06-11T19:46:07.400+0800","caller":"log/log.go:162","msg":"Send signal TERM or INT to terminate the process"}
{"level":"DEBUG","ts":"2023-06-11T20:09:24.234+0800","caller":"dao/mdb.go:46","msg":"[store_db] mysql connDB success"}
{"level":"DEBUG","ts":"2023-06-11T20:09:24.987+0800","caller":"dao/rdb.go:37","msg":"[store_redis] redis connRdb success,suc=%sPONG"}
{"level":"INFO","ts":"2023-06-11T20:09:24.989+0800","caller":"log/log.go:162","msg":"Starting processing"}
{"level":"INFO","ts":"2023-06-11T20:09:24.989+0800","caller":"log/log.go:162","msg":"Send signal TERM or INT to terminate the process"}
{"level":"DEBUG","ts":"2023-06-11T20:13:26.211+0800","caller":"dao/mdb.go:46","msg":"[store_db] mysql connDB success"}
{"level":"DEBUG","ts":"2023-06-11T20:13:26.973+0800","caller":"dao/rdb.go:37","msg":"[store_redis] redis connRdb success,suc=%sPONG"}
{"level":"INFO","ts":"2023-06-11T20:13:26.974+0800","caller":"log/log.go:162","msg":"Starting processing"}
{"level":"INFO","ts":"2023-06-11T20:13:26.974+0800","caller":"log/log.go:162","msg":"Send signal TERM or INT to terminate the process"}
{"level":"DEBUG","ts":"2023-06-11T20:14:43.597+0800","caller":"dao/mdb.go:46","msg":"[store_db] mysql connDB success"}
{"level":"DEBUG","ts":"2023-06-11T20:14:44.348+0800","caller":"dao/rdb.go:37","msg":"[store_redis] redis connRdb success,suc=%sPONG"}
{"level":"INFO","ts":"2023-06-11T20:14:44.349+0800","caller":"log/log.go:162","msg":"Starting processing"}
{"level":"INFO","ts":"2023-06-11T20:14:44.350+0800","caller":"log/log.go:162","msg":"Send signal TERM or INT to terminate the process"}
{"level":"DEBUG","ts":"2023-06-11T20:16:10.871+0800","caller":"dao/mdb.go:46","msg":"[store_db] mysql connDB success"}
{"level":"DEBUG","ts":"2023-06-11T20:16:11.575+0800","caller":"dao/rdb.go:37","msg":"[store_redis] redis connRdb success,suc=%sPONG"}
{"level":"INFO","ts":"2023-06-11T20:16:11.576+0800","caller":"log/log.go:162","msg":"Starting processing"}
{"level":"INFO","ts":"2023-06-11T20:16:11.576+0800","caller":"log/log.go:162","msg":"Send signal TERM or INT to terminate the process"}
{"level":"DEBUG","ts":"2023-06-11T20:16:48.747+0800","caller":"dao/mdb.go:46","msg":"[store_db] mysql connDB success"}
{"level":"DEBUG","ts":"2023-06-11T20:16:49.416+0800","caller":"dao/rdb.go:37","msg":"[store_redis] redis connRdb success,suc=%sPONG"}
{"level":"INFO","ts":"2023-06-11T20:16:49.432+0800","caller":"log/log.go:162","msg":"Starting processing"}
{"level":"INFO","ts":"2023-06-11T20:16:49.433+0800","caller":"log/log.go:162","msg":"Send signal TERM or INT to terminate the process"}
{"level":"DEBUG","ts":"2023-06-11T20:18:15.021+0800","caller":"dao/mdb.go:46","msg":"[store_db] mysql connDB success"}
{"level":"DEBUG","ts":"2023-06-11T20:18:15.720+0800","caller":"dao/rdb.go:37","msg":"[store_redis] redis connRdb success,suc=%sPONG"}
{"level":"INFO","ts":"2023-06-11T20:18:15.721+0800","caller":"log/log.go:162","msg":"Starting processing"}
{"level":"INFO","ts":"2023-06-11T20:18:15.721+0800","caller":"log/log.go:162","msg":"Send signal TERM or INT to terminate the process"}
{"level":"DEBUG","ts":"2023-06-11T20:19:26.354+0800","caller":"dao/mdb.go:46","msg":"[store_db] mysql connDB success"}
{"level":"DEBUG","ts":"2023-06-11T20:19:27.119+0800","caller":"dao/rdb.go:37","msg":"[store_redis] redis connRdb success,suc=%sPONG"}
{"level":"INFO","ts":"2023-06-11T20:19:27.121+0800","caller":"log/log.go:162","msg":"Starting processing"}
{"level":"INFO","ts":"2023-06-11T20:19:27.121+0800","caller":"log/log.go:162","msg":"Send signal TERM or INT to terminate the process"}
{"level":"DEBUG","ts":"2023-06-11T20:20:08.179+0800","caller":"dao/mdb.go:46","msg":"[store_db] mysql connDB success"}
{"level":"DEBUG","ts":"2023-06-11T20:20:08.955+0800","caller":"dao/rdb.go:37","msg":"[store_redis] redis connRdb success,suc=%sPONG"}
{"level":"INFO","ts":"2023-06-11T20:20:08.956+0800","caller":"log/log.go:162","msg":"Starting processing"}
{"level":"INFO","ts":"2023-06-11T20:20:08.957+0800","caller":"log/log.go:162","msg":"Send signal TERM or INT to terminate the process"}
{"level":"DEBUG","ts":"2023-06-11T20:20:18.350+0800","caller":"dao/mdb.go:46","msg":"[store_db] mysql connDB success"}
{"level":"DEBUG","ts":"2023-06-11T20:20:19.053+0800","caller":"dao/rdb.go:37","msg":"[store_redis] redis connRdb success,suc=%sPONG"}
{"level":"INFO","ts":"2023-06-11T20:20:19.053+0800","caller":"log/log.go:162","msg":"Starting processing"}
{"level":"INFO","ts":"2023-06-11T20:20:19.053+0800","caller":"log/log.go:162","msg":"Send signal TERM or INT to terminate the process"}
{"level":"DEBUG","ts":"2023-06-11T20:21:04.642+0800","caller":"dao/mdb.go:46","msg":"[store_db] mysql connDB success"}
{"level":"DEBUG","ts":"2023-06-11T20:21:05.331+0800","caller":"dao/rdb.go:37","msg":"[store_redis] redis connRdb success,suc=%sPONG"}
{"level":"INFO","ts":"2023-06-11T20:21:05.332+0800","caller":"log/log.go:162","msg":"Starting processing"}
{"level":"INFO","ts":"2023-06-11T20:21:05.332+0800","caller":"log/log.go:162","msg":"Send signal TERM or INT to terminate the process"}
{"level":"DEBUG","ts":"2023-06-11T22:48:28.030+0800","caller":"dao/mdb.go:46","msg":"[store_db] mysql connDB success"}
{"level":"DEBUG","ts":"2023-06-11T22:48:28.820+0800","caller":"dao/rdb.go:37","msg":"[store_redis] redis connRdb success,suc=%sPONG"}
{"level":"INFO","ts":"2023-06-11T22:48:28.821+0800","caller":"log/log.go:162","msg":"Starting processing"}
{"level":"INFO","ts":"2023-06-11T22:48:28.821+0800","caller":"log/log.go:162","msg":"Send signal TERM or INT to terminate the process"}
{"level":"DEBUG","ts":"2023-06-11T22:59:19.143+0800","caller":"dao/mdb.go:46","msg":"[store_db] mysql connDB success"}
{"level":"DEBUG","ts":"2023-06-11T22:59:19.930+0800","caller":"dao/rdb.go:37","msg":"[store_redis] redis connRdb success,suc=%sPONG"}
{"level":"INFO","ts":"2023-06-11T22:59:19.931+0800","caller":"log/log.go:162","msg":"Starting processing"}
{"level":"INFO","ts":"2023-06-11T22:59:19.931+0800","caller":"log/log.go:162","msg":"Send signal TERM or INT to terminate the process"}
{"level":"DEBUG","ts":"2023-06-11T23:02:22.884+0800","caller":"dao/mdb.go:46","msg":"[store_db] mysql connDB success"}
{"level":"DEBUG","ts":"2023-06-11T23:02:23.691+0800","caller":"dao/rdb.go:37","msg":"[store_redis] redis connRdb success,suc=%sPONG"}
{"level":"INFO","ts":"2023-06-11T23:02:23.692+0800","caller":"log/log.go:162","msg":"Starting processing"}
{"level":"INFO","ts":"2023-06-11T23:02:23.692+0800","caller":"log/log.go:162","msg":"Send signal TERM or INT to terminate the process"}
{"level":"DEBUG","ts":"2023-06-11T23:05:45.412+0800","caller":"dao/mdb.go:46","msg":"[store_db] mysql connDB success"}
{"level":"DEBUG","ts":"2023-06-11T23:05:46.243+0800","caller":"dao/rdb.go:37","msg":"[store_redis] redis connRdb success,suc=%sPONG"}
{"level":"INFO","ts":"2023-06-11T23:05:46.245+0800","caller":"log/log.go:162","msg":"Starting processing"}
{"level":"INFO","ts":"2023-06-11T23:05:46.245+0800","caller":"log/log.go:162","msg":"Send signal TERM or INT to terminate the process"}
{"level":"DEBUG","ts":"2023-06-11T23:12:51.842+0800","caller":"dao/mdb.go:46","msg":"[store_db] mysql connDB success"}
{"level":"DEBUG","ts":"2023-06-11T23:12:52.639+0800","caller":"dao/rdb.go:37","msg":"[store_redis] redis connRdb success,suc=%sPONG"}
{"level":"INFO","ts":"2023-06-11T23:12:52.640+0800","caller":"log/log.go:162","msg":"Starting processing"}
{"level":"INFO","ts":"2023-06-11T23:12:52.640+0800","caller":"log/log.go:162","msg":"Send signal TERM or INT to terminate the process"}
{"level":"ERROR","ts":"2023-06-11T23:13:44.030+0800","caller":"telegram/telegram.go:70","msg":"telegram: retry after 16 (429)"}
{"level":"DEBUG","ts":"2023-06-11T23:20:34.114+0800","caller":"dao/mdb.go:46","msg":"[store_db] mysql connDB success"}
{"level":"DEBUG","ts":"2023-06-11T23:20:34.979+0800","caller":"dao/rdb.go:37","msg":"[store_redis] redis connRdb success,suc=%sPONG"}
{"level":"INFO","ts":"2023-06-11T23:20:34.980+0800","caller":"log/log.go:162","msg":"Starting processing"}
{"level":"INFO","ts":"2023-06-11T23:20:34.980+0800","caller":"log/log.go:162","msg":"Send signal TERM or INT to terminate the process"}
{"level":"DEBUG","ts":"2023-06-11T23:24:01.027+0800","caller":"dao/mdb.go:46","msg":"[store_db] mysql connDB success"}
{"level":"DEBUG","ts":"2023-06-11T23:24:01.811+0800","caller":"dao/rdb.go:37","msg":"[store_redis] redis connRdb success,suc=%sPONG"}
{"level":"INFO","ts":"2023-06-11T23:24:01.815+0800","caller":"log/log.go:162","msg":"Starting processing"}
{"level":"INFO","ts":"2023-06-11T23:24:01.815+0800","caller":"log/log.go:162","msg":"Send signal TERM or INT to terminate the process"}
{"level":"DEBUG","ts":"2023-06-11T23:30:59.041+0800","caller":"dao/mdb.go:46","msg":"[store_db] mysql connDB success"}
{"level":"DEBUG","ts":"2023-06-11T23:30:59.838+0800","caller":"dao/rdb.go:37","msg":"[store_redis] redis connRdb success,suc=%sPONG"}
{"level":"INFO","ts":"2023-06-11T23:30:59.839+0800","caller":"log/log.go:162","msg":"Starting processing"}
{"level":"INFO","ts":"2023-06-11T23:30:59.839+0800","caller":"log/log.go:162","msg":"Send signal TERM or INT to terminate the process"}
{"level":"DEBUG","ts":"2023-06-11T23:31:35.573+0800","caller":"dao/mdb.go:46","msg":"[store_db] mysql connDB success"}
{"level":"DEBUG","ts":"2023-06-11T23:31:36.405+0800","caller":"dao/rdb.go:37","msg":"[store_redis] redis connRdb success,suc=%sPONG"}
{"level":"INFO","ts":"2023-06-11T23:31:36.407+0800","caller":"log/log.go:162","msg":"Starting processing"}
{"level":"INFO","ts":"2023-06-11T23:31:36.407+0800","caller":"log/log.go:162","msg":"Send signal TERM or INT to terminate the process"}
{"level":"DEBUG","ts":"2023-06-11T23:36:59.155+0800","caller":"dao/mdb.go:46","msg":"[store_db] mysql connDB success"}
{"level":"DEBUG","ts":"2023-06-11T23:36:59.940+0800","caller":"dao/rdb.go:37","msg":"[store_redis] redis connRdb success,suc=%sPONG"}
{"level":"INFO","ts":"2023-06-11T23:36:59.941+0800","caller":"log/log.go:162","msg":"Starting processing"}
{"level":"INFO","ts":"2023-06-11T23:36:59.941+0800","caller":"log/log.go:162","msg":"Send signal TERM or INT to terminate the process"}
{"level":"DEBUG","ts":"2023-06-11T23:37:39.670+0800","caller":"dao/mdb.go:46","msg":"[store_db] mysql connDB success"}
{"level":"DEBUG","ts":"2023-06-11T23:37:40.422+0800","caller":"dao/rdb.go:37","msg":"[store_redis] redis connRdb success,suc=%sPONG"}
{"level":"INFO","ts":"2023-06-11T23:37:40.422+0800","caller":"log/log.go:162","msg":"Starting processing"}
{"level":"INFO","ts":"2023-06-11T23:37:40.422+0800","caller":"log/log.go:162","msg":"Send signal TERM or INT to terminate the process"}
