{"level":"DEBUG","ts":"2023-06-08T17:24:36.973+0800","caller":"dao/mdb.go:47","msg":"[store_db] mysql connDB success"}
{"level":"ERROR","ts":"2023-06-08T17:24:42.361+0800","caller":"telegram/handle.go:84","msg":"Error 1265 (01000): Data truncated for column 'createtime' at row 1"}
{"level":"DEBUG","ts":"2023-06-08T17:31:58.037+0800","caller":"dao/mdb.go:47","msg":"[store_db] mysql connDB success"}
{"level":"ERROR","ts":"2023-06-08T17:32:25.729+0800","caller":"telegram/handle.go:84","msg":"Error 1265 (01000): Data truncated for column 'createtime' at row 1"}
{"level":"DEBUG","ts":"2023-06-08T18:00:05.155+0800","caller":"dao/mdb.go:47","msg":"[store_db] mysql connDB success"}
{"level":"ERROR","ts":"2023-06-08T18:00:07.729+0800","caller":"telegram/handle.go:84","msg":"Error 1265 (01000): Data truncated for column 'updatetime' at row 1"}
{"level":"DEBUG","ts":"2023-06-08T18:02:20.832+0800","caller":"dao/mdb.go:47","msg":"[store_db] mysql connDB success"}
{"level":"DEBUG","ts":"2023-06-08T18:06:57.822+0800","caller":"dao/mdb.go:47","msg":"[store_db] mysql connDB success"}
{"level":"DEBUG","ts":"2023-06-08T18:08:09.354+0800","caller":"dao/mdb.go:47","msg":"[store_db] mysql connDB success"}
{"level":"ERROR","ts":"2023-06-08T18:08:21.394+0800","caller":"telegram/telegram.go:26","msg":"telebot: Post \"https://api.telegram.org/bot5972875368:AAEXufZLjQYkBPNe0M0VdqBa92kJaiIFEMs/getMe\": dial tcp: lookup api.telegram.org: no such host"}
{"level":"DEBUG","ts":"2023-06-08T18:08:27.089+0800","caller":"dao/mdb.go:47","msg":"[store_db] mysql connDB success"}
{"level":"ERROR","ts":"2023-06-08T18:08:39.123+0800","caller":"telegram/telegram.go:26","msg":"telebot: Post \"https://api.telegram.org/bot5972875368:AAEXufZLjQYkBPNe0M0VdqBa92kJaiIFEMs/getMe\": dial tcp: lookup api.telegram.org: no such host"}
{"level":"DEBUG","ts":"2023-06-08T18:10:32.179+0800","caller":"dao/mdb.go:47","msg":"[store_db] mysql connDB success"}
{"level":"ERROR","ts":"2023-06-08T18:10:32.189+0800","caller":"telegram/telegram.go:26","msg":"telebot: unexpected end of JSON input"}
{"level":"DEBUG","ts":"2023-06-08T18:10:42.101+0800","caller":"dao/mdb.go:47","msg":"[store_db] mysql connDB success"}
{"level":"ERROR","ts":"2023-06-08T18:10:42.104+0800","caller":"telegram/telegram.go:26","msg":"telebot: unexpected end of JSON input"}
{"level":"DEBUG","ts":"2023-06-08T18:23:36.042+0800","caller":"dao/mdb.go:47","msg":"[store_db] mysql connDB success"}
{"level":"ERROR","ts":"2023-06-08T18:23:36.046+0800","caller":"telegram/telegram.go:26","msg":"telebot: unexpected end of JSON input"}
{"level":"DEBUG","ts":"2023-06-08T18:26:58.082+0800","caller":"dao/mdb.go:47","msg":"[store_db] mysql connDB success"}
{"level":"ERROR","ts":"2023-06-08T18:27:00.109+0800","caller":"telegram/telegram.go:26","msg":"telebot: Post \"http://127.0.0.1:10809/bot5972875368:AAEXufZLjQYkBPNe0M0VdqBa92kJaiIFEMs/getMe\": dial tcp 127.0.0.1:10809: connectex: No connection could be made because the target machine actively refused it."}
{"level":"DEBUG","ts":"2023-06-08T18:27:47.586+0800","caller":"dao/mdb.go:47","msg":"[store_db] mysql connDB success"}
{"level":"DEBUG","ts":"2023-06-08T18:29:00.101+0800","caller":"dao/mdb.go:47","msg":"[store_db] mysql connDB success"}
{"level":"DEBUG","ts":"2023-06-08T18:29:49.236+0800","caller":"dao/mdb.go:47","msg":"[store_db] mysql connDB success"}
{"level":"DEBUG","ts":"2023-06-08T18:30:11.605+0800","caller":"dao/mdb.go:47","msg":"[store_db] mysql connDB success"}
{"level":"DEBUG","ts":"2023-06-08T18:30:45.498+0800","caller":"dao/mdb.go:47","msg":"[store_db] mysql connDB success"}
{"level":"DEBUG","ts":"2023-06-08T18:33:10.590+0800","caller":"dao/mdb.go:47","msg":"[store_db] mysql connDB success"}
{"level":"DEBUG","ts":"2023-06-08T18:34:55.078+0800","caller":"dao/mdb.go:47","msg":"[store_db] mysql connDB success"}
{"level":"DEBUG","ts":"2023-06-08T19:07:56.998+0800","caller":"dao/mdb.go:47","msg":"[store_db] mysql connDB success"}
{"level":"DEBUG","ts":"2023-06-08T19:13:03.561+0800","caller":"dao/mdb.go:47","msg":"[store_db] mysql connDB success"}
{"level":"DEBUG","ts":"2023-06-08T19:26:12.914+0800","caller":"dao/mdb.go:47","msg":"[store_db] mysql connDB success"}
{"level":"DEBUG","ts":"2023-06-08T19:27:06.475+0800","caller":"dao/mdb.go:47","msg":"[store_db] mysql connDB success"}
{"level":"DEBUG","ts":"2023-06-08T19:42:53.967+0800","caller":"dao/mdb.go:47","msg":"[store_db] mysql connDB success"}
{"level":"DEBUG","ts":"2023-06-08T19:44:58.152+0800","caller":"dao/mdb.go:47","msg":"[store_db] mysql connDB success"}
{"level":"DEBUG","ts":"2023-06-08T19:46:05.633+0800","caller":"dao/mdb.go:47","msg":"[store_db] mysql connDB success"}
{"level":"DEBUG","ts":"2023-06-08T19:47:21.087+0800","caller":"dao/mdb.go:47","msg":"[store_db] mysql connDB success"}
{"level":"DEBUG","ts":"2023-06-08T19:50:56.495+0800","caller":"dao/mdb.go:47","msg":"[store_db] mysql connDB success"}
{"level":"DEBUG","ts":"2023-06-08T19:52:24.820+0800","caller":"dao/mdb.go:47","msg":"[store_db] mysql connDB success"}
{"level":"DEBUG","ts":"2023-06-08T19:54:26.315+0800","caller":"dao/mdb.go:47","msg":"[store_db] mysql connDB success"}
{"level":"DEBUG","ts":"2023-06-08T19:54:40.221+0800","caller":"dao/mdb.go:47","msg":"[store_db] mysql connDB success"}
{"level":"DEBUG","ts":"2023-06-08T19:57:23.375+0800","caller":"dao/mdb.go:47","msg":"[store_db] mysql connDB success"}
{"level":"DEBUG","ts":"2023-06-08T19:59:14.332+0800","caller":"dao/mdb.go:47","msg":"[store_db] mysql connDB success"}
{"level":"DEBUG","ts":"2023-06-08T19:59:46.881+0800","caller":"dao/mdb.go:47","msg":"[store_db] mysql connDB success"}
{"level":"DEBUG","ts":"2023-06-08T20:00:20.648+0800","caller":"dao/mdb.go:47","msg":"[store_db] mysql connDB success"}
{"level":"DEBUG","ts":"2023-06-08T20:06:36.744+0800","caller":"dao/mdb.go:47","msg":"[store_db] mysql connDB success"}
{"level":"DEBUG","ts":"2023-06-08T20:07:51.674+0800","caller":"dao/mdb.go:47","msg":"[store_db] mysql connDB success"}
{"level":"DEBUG","ts":"2023-06-08T20:19:06.354+0800","caller":"dao/mdb.go:47","msg":"[store_db] mysql connDB success"}
{"level":"DEBUG","ts":"2023-06-08T20:20:14.755+0800","caller":"dao/mdb.go:47","msg":"[store_db] mysql connDB success"}
{"level":"DEBUG","ts":"2023-06-08T20:21:15.445+0800","caller":"dao/mdb.go:47","msg":"[store_db] mysql connDB success"}
{"level":"DEBUG","ts":"2023-06-08T20:21:59.539+0800","caller":"dao/mdb.go:47","msg":"[store_db] mysql connDB success"}
{"level":"DEBUG","ts":"2023-06-08T20:22:42.036+0800","caller":"dao/mdb.go:47","msg":"[store_db] mysql connDB success"}
{"level":"DEBUG","ts":"2023-06-08T20:23:29.210+0800","caller":"dao/mdb.go:47","msg":"[store_db] mysql connDB success"}
{"level":"DEBUG","ts":"2023-06-08T21:05:57.743+0800","caller":"dao/mdb.go:47","msg":"[store_db] mysql connDB success"}
{"level":"DEBUG","ts":"2023-06-08T21:10:57.926+0800","caller":"dao/mdb.go:47","msg":"[store_db] mysql connDB success"}
{"level":"DEBUG","ts":"2023-06-08T21:11:35.708+0800","caller":"dao/mdb.go:47","msg":"[store_db] mysql connDB success"}
{"level":"DEBUG","ts":"2023-06-08T21:32:35.709+0800","caller":"dao/mdb.go:47","msg":"[store_db] mysql connDB success"}
{"level":"DEBUG","ts":"2023-06-08T21:34:12.096+0800","caller":"dao/mdb.go:47","msg":"[store_db] mysql connDB success"}
{"level":"DEBUG","ts":"2023-06-08T21:40:21.084+0800","caller":"dao/mdb.go:47","msg":"[store_db] mysql connDB success"}
{"level":"DEBUG","ts":"2023-06-08T21:51:12.880+0800","caller":"dao/mdb.go:47","msg":"[store_db] mysql connDB success"}
{"level":"DEBUG","ts":"2023-06-08T21:51:53.864+0800","caller":"dao/mdb.go:47","msg":"[store_db] mysql connDB success"}
{"level":"DEBUG","ts":"2023-06-08T22:11:30.477+0800","caller":"dao/mdb.go:47","msg":"[store_db] mysql connDB success"}
{"level":"DEBUG","ts":"2023-06-08T22:13:06.661+0800","caller":"dao/mdb.go:47","msg":"[store_db] mysql connDB success"}
{"level":"DEBUG","ts":"2023-06-08T22:37:17.423+0800","caller":"dao/mdb.go:47","msg":"[store_db] mysql connDB success"}
{"level":"DEBUG","ts":"2023-06-08T23:15:14.326+0800","caller":"dao/mdb.go:47","msg":"[store_db] mysql connDB success"}
